<?xml version="1.0" encoding="UTF-8"?>
<!-- Generated by org.testng.reporters.JUnitReportReporter -->
<testsuite skipped="0" hostname="Sudhas-MacBook-Pro.local" name="qaclickacademy.Selenium_Ex" tests="2" failures="0" timestamp="03 Oct 2018 17:25:07 GMT" time="0.011" errors="0">
  <testcase name="SeleniumCode_Extest" time="0.003" classname="qaclickacademy.Selenium_Ex"/>
  <testcase name="BrowserCode_Extsest" time="0.008" classname="qaclickacademy.Selenium_Ex"/>
</testsuite> <!-- qaclickacademy.Selenium_Ex -->
