<?xml version="1.0" encoding="UTF-8"?>
<!-- Generated by org.testng.reporters.JUnitReportReporter -->
<testsuite skipped="0" hostname="Sudhas-MacBook-Pro.local" name="qaclickacademy.Appium_ExTest" tests="1" failures="0" timestamp="03 Oct 2018 19:26:34 GMT" time="0.005" errors="0">
  <testcase name="MobileCode_ExTest" time="0.005" classname="qaclickacademy.Appium_ExTest"/>
</testsuite> <!-- qaclickacademy.Appium_ExTest -->
