<?xml version="1.0" encoding="UTF-8"?>
<!-- Generated by org.testng.reporters.JUnitReportReporter -->
<testsuite skipped="0" hostname="Sudhas-MacBook-Pro.local" name="qaclickacademy.API_ExTest" tests="2" failures="0" timestamp="03 Oct 2018 19:26:34 GMT" time="0.000" errors="0">
  <testcase name="APICode_ExTest" time="0.000" classname="qaclickacademy.API_ExTest"/>
  <testcase name="RestCode_ExTest" time="0.000" classname="qaclickacademy.API_ExTest"/>
</testsuite> <!-- qaclickacademy.API_ExTest -->
