<?xml version="1.0" encoding="UTF-8"?>
<!-- Generated by org.testng.reporters.JUnitReportReporter -->
<testsuite skipped="0" hostname="Sudhas-MacBook-Pro.local" name="qaclickacademy.Selenium_ExTest" tests="2" failures="0" timestamp="03 Oct 2018 19:26:34 GMT" time="0.000" errors="0">
  <testcase name="SeleniumCode_Extest" time="0.000" classname="qaclickacademy.Selenium_ExTest"/>
  <testcase name="BrowserCode_Extsest" time="0.000" classname="qaclickacademy.Selenium_ExTest"/>
</testsuite> <!-- qaclickacademy.Selenium_ExTest -->
